06/07/2018 17:54:59	This log contains information about the import schema operation into project 'database' on computer 'DESKTOP-0JE75HM' by user 'Phill'.
06/07/2018 17:54:59	Import of database schema has started.
06/07/2018 17:55:03	Gathering database options
06/07/2018 17:55:03	Gathering users
06/07/2018 17:55:03	Gathering roles
06/07/2018 17:55:03	Gathering application roles
06/07/2018 17:55:03	Gathering role memberships
06/07/2018 17:55:03	Gathering filegroups
06/07/2018 17:55:03	Gathering full-text catalogs
06/07/2018 17:55:03	Gathering assemblies
06/07/2018 17:55:03	Gathering certificates
06/07/2018 17:55:03	Gathering asymmetric keys
06/07/2018 17:55:03	Gathering symmetric keys
06/07/2018 17:55:03	Gathering encrypted symmetric keys
06/07/2018 17:55:03	Gathering schemas
06/07/2018 17:55:03	Gathering XML schema collections
06/07/2018 17:55:03	Gathering user-defined data types
06/07/2018 17:55:03	Gathering user-defined types
06/07/2018 17:55:03	Gathering table types
06/07/2018 17:55:03	Gathering unique keys for table types
06/07/2018 17:55:03	Gathering primary keys for table types
06/07/2018 17:55:03	Gathering check constraints for table types
06/07/2018 17:55:03	Gathering default constraints for table types
06/07/2018 17:55:03	Gathering partition functions
06/07/2018 17:55:03	Gathering partition schemes
06/07/2018 17:55:03	Gathering functions
06/07/2018 17:55:03	Gathering encrypted functions
06/07/2018 17:55:03	Gathering aggregates
06/07/2018 17:55:03	Gathering procedures
06/07/2018 17:55:03	Gathering encrypted procedures
06/07/2018 17:55:03	Gathering tables
06/07/2018 17:55:04	Gathering primary keys
06/07/2018 17:55:04	Gathering unique constraints
06/07/2018 17:55:04	Gathering foreign keys
06/07/2018 17:55:04	Gathering default constraints
06/07/2018 17:55:04	Gathering check constraints
06/07/2018 17:55:04	Gathering views
06/07/2018 17:55:04	Gathering encrypted views
06/07/2018 17:55:04	Gathering indexes
06/07/2018 17:55:04	Gathering statistics
06/07/2018 17:55:04	Gathering full-text index stoplists
06/07/2018 17:55:04	Gathering search property lists
06/07/2018 17:55:04	Gathering search properties
06/07/2018 17:55:04	Gathering full-text indexes
06/07/2018 17:55:04	Gathering column store indexes
06/07/2018 17:55:04	Gathering spatial indexes
06/07/2018 17:55:04	Gathering XML indexes
06/07/2018 17:55:04	Gathering Selective XML indexes
06/07/2018 17:55:04	Gathering encrypted triggers
06/07/2018 17:55:04	Gathering triggers
06/07/2018 17:55:04	Gathering encrypted and clr ddl triggers
06/07/2018 17:55:04	Gathering ddl triggers
06/07/2018 17:55:04	Gathering synonyms
06/07/2018 17:55:04	Gathering defaults
06/07/2018 17:55:04	Gathering data constraint uddt bindings
06/07/2018 17:55:04	Gathering rules
06/07/2018 17:55:04	Gathering data constraint uddt bindings
06/07/2018 17:55:04	Gathering message types
06/07/2018 17:55:04	Gathering queues
06/07/2018 17:55:04	Gathering contracts
06/07/2018 17:55:04	Gathering services
06/07/2018 17:55:04	Gathering event notifications
06/07/2018 17:55:04	Gathering remote service bindings
06/07/2018 17:55:04	Gathering broker priorities
06/07/2018 17:55:04	Gathering signatures
06/07/2018 17:55:04	Gathering data compression options
06/07/2018 17:55:04	Gathering sequence types
06/07/2018 17:55:04	Gathering extended properties
06/07/2018 17:55:04	Scanning project for duplicate elements
06/07/2018 17:55:04	Finished duplicate element processing
06/07/2018 17:55:04	Finished importing database.
06/07/2018 17:55:04	A summary of the import was saved to the following location: C:\Users\Phill\Documents\Visual Studio 2013\Projects\process2\database\Import Schema Logs\database_20180706045459.log
06/07/2018 17:55:04	Click Finish to continue...
