c:\users\phill\documents\visual studio 2013\projects\process2\process2\debug\vc120.pdb
c:\users\phill\documents\visual studio 2013\projects\process2\process2\debug\vc120.idb
c:\users\phill\documents\visual studio 2013\projects\process2\process2\debug\database.obj
c:\users\phill\documents\visual studio 2013\projects\process2\process2\debug\log.obj
c:\users\phill\documents\visual studio 2013\projects\process2\process2\debug\main.obj
c:\users\phill\documents\visual studio 2013\projects\process2\process2\debug\mutex.obj
c:\users\phill\documents\visual studio 2013\projects\process2\process2\debug\string.obj
c:\users\phill\documents\visual studio 2013\projects\process2\process2\debug\thread.obj
c:\users\phill\documents\visual studio 2013\projects\process2\process2\debug\wsock.obj
c:\users\phill\documents\visual studio 2013\projects\process2\debug\process2.ilk
c:\users\phill\documents\visual studio 2013\projects\process2\debug\process2.exe
c:\users\phill\documents\visual studio 2013\projects\process2\debug\process2.pdb
c:\users\phill\documents\visual studio 2013\projects\process2\process2\debug\kernel.cu.cache
c:\users\phill\documents\visual studio 2013\projects\process2\process2\debug\kernel.cu.obj
c:\users\phill\documents\visual studio 2013\projects\process2\process2\debug\process2.tlog\cl.command.1.tlog
c:\users\phill\documents\visual studio 2013\projects\process2\process2\debug\process2.tlog\cl.read.1.tlog
c:\users\phill\documents\visual studio 2013\projects\process2\process2\debug\process2.tlog\cl.write.1.tlog
c:\users\phill\documents\visual studio 2013\projects\process2\process2\debug\process2.tlog\link.command.1.tlog
c:\users\phill\documents\visual studio 2013\projects\process2\process2\debug\process2.tlog\link.read.1.tlog
c:\users\phill\documents\visual studio 2013\projects\process2\process2\debug\process2.tlog\link.write.1.tlog
