c:\users\phill\documents\visual studio 2013\projects\process2\process2\x64\debug\vc120.pdb
c:\users\phill\documents\visual studio 2013\projects\process2\process2\x64\debug\vc120.idb
c:\users\phill\documents\visual studio 2013\projects\process2\process2\x64\debug\line.obj
c:\users\phill\documents\visual studio 2013\projects\process2\process2\x64\debug\lines.obj
c:\users\phill\documents\visual studio 2013\projects\process2\process2\x64\debug\list.obj
c:\users\phill\documents\visual studio 2013\projects\process2\process2\x64\debug\message.obj
c:\users\phill\documents\visual studio 2013\projects\process2\process2\x64\debug\odbc.obj
c:\users\phill\documents\visual studio 2013\projects\process2\process2\x64\debug\log.obj
c:\users\phill\documents\visual studio 2013\projects\process2\process2\x64\debug\main.obj
c:\users\phill\documents\visual studio 2013\projects\process2\process2\x64\debug\mutex.obj
c:\users\phill\documents\visual studio 2013\projects\process2\process2\x64\debug\pair.obj
c:\users\phill\documents\visual studio 2013\projects\process2\process2\x64\debug\process.obj
c:\users\phill\documents\visual studio 2013\projects\process2\process2\x64\debug\queue.obj
c:\users\phill\documents\visual studio 2013\projects\process2\process2\x64\debug\queues.obj
c:\users\phill\documents\visual studio 2013\projects\process2\process2\x64\debug\json.obj
c:\users\phill\documents\visual studio 2013\projects\process2\process2\x64\debug\response.obj
c:\users\phill\documents\visual studio 2013\projects\process2\process2\x64\debug\server.obj
c:\users\phill\documents\visual studio 2013\projects\process2\process2\x64\debug\ssl.obj
c:\users\phill\documents\visual studio 2013\projects\process2\process2\x64\debug\string.obj
c:\users\phill\documents\visual studio 2013\projects\process2\process2\x64\debug\thread.obj
c:\users\phill\documents\visual studio 2013\projects\process2\process2\x64\debug\web.obj
c:\users\phill\documents\visual studio 2013\projects\process2\process2\x64\debug\wsock.obj
c:\users\phill\documents\visual studio 2013\projects\process2\process2\x64\debug\buffer.obj
c:\users\phill\documents\visual studio 2013\projects\process2\process2\x64\debug\component.obj
c:\users\phill\documents\visual studio 2013\projects\process2\process2\x64\debug\components.obj
c:\users\phill\documents\visual studio 2013\projects\process2\process2\x64\debug\compute.obj
c:\users\phill\documents\visual studio 2013\projects\process2\process2\x64\debug\configuration.obj
c:\users\phill\documents\visual studio 2013\projects\process2\process2\x64\debug\cpu.obj
c:\users\phill\documents\visual studio 2013\projects\process2\process2\x64\debug\database.obj
c:\users\phill\documents\visual studio 2013\projects\process2\process2\x64\debug\datetime.obj
c:\users\phill\documents\visual studio 2013\projects\process2\process2\x64\debug\element.obj
c:\users\phill\documents\visual studio 2013\projects\process2\process2\x64\debug\elements.obj
c:\users\phill\documents\visual studio 2013\projects\process2\process2\x64\debug\fifo.obj
c:\users\phill\documents\visual studio 2013\projects\process2\process2\x64\debug\gpu.obj
c:\users\phill\documents\visual studio 2013\projects\process2\process2\x64\debug\grid.obj
c:\users\phill\documents\visual studio 2013\projects\process2\process2\x64\debug\http.obj
c:\users\phill\documents\visual studio 2013\projects\process2\process2\x64\debug\item.obj
c:\users\phill\documents\visual studio 2013\projects\process2\process2\x64\debug\items.obj
c:\users\phill\documents\visual studio 2013\projects\process2\x64\debug\process2.ilk
c:\users\phill\documents\visual studio 2013\projects\process2\x64\debug\process2.exe
c:\users\phill\documents\visual studio 2013\projects\process2\x64\debug\process2.pdb
c:\users\phill\documents\visual studio 2013\projects\process2\process2\x64\debug\kernel.cu.cache
c:\users\phill\documents\visual studio 2013\projects\process2\process2\x64\debug\kernel.cu.obj
c:\users\phill\documents\visual studio 2013\projects\process2\process2\x64\debug\process2.tlog\cl.command.1.tlog
c:\users\phill\documents\visual studio 2013\projects\process2\process2\x64\debug\process2.tlog\cl.read.1.tlog
c:\users\phill\documents\visual studio 2013\projects\process2\process2\x64\debug\process2.tlog\cl.write.1.tlog
c:\users\phill\documents\visual studio 2013\projects\process2\process2\x64\debug\process2.tlog\link.command.1.tlog
c:\users\phill\documents\visual studio 2013\projects\process2\process2\x64\debug\process2.tlog\link.read.1.tlog
c:\users\phill\documents\visual studio 2013\projects\process2\process2\x64\debug\process2.tlog\link.write.1.tlog
