  address.cpp
  allocator.cpp
  authentication.cpp
  chain.cpp
  charbuf.cpp
  codes.cpp
  common.cpp
  crumbs.cpp
  database.cpp
  errors.cpp
  file.cpp
  guid.cpp
  header.cpp
  map.cpp
  memory.cpp
  messaging.cpp
  output.cpp
  parameter.cpp
  parameters.cpp
  pending.cpp
  Generating Code...
  Compiling...
  record.cpp
  records.cpp
  request.cpp
  responses.cpp
  result.cpp
  results.cpp
  row.cpp
  starter.cpp
  storage.cpp
  user.cpp
  users.cpp
  watchdog.cpp
  zone.cpp
  comparison.cpp
  component.cpp
  components.cpp
  compute.cpp
  configuration.cpp
  console.cpp
  cpu.cpp
  Generating Code...
  Compiling...
  databases.cpp
  datetime.cpp
  element.cpp
  elements.cpp
  error.cpp
  factory.cpp
  fifo.cpp
  gpu.cpp
  grid.cpp
  http.cpp
  item.cpp
  items.cpp
  line.cpp
  lines.cpp
  list.cpp
  manager.cpp
  message.cpp
  odbc.cpp
  log.cpp
  main.cpp
  Generating Code...
  Compiling...
  mutex.cpp
  pair.cpp
  process.cpp
  queries.cpp
  query.cpp
  queue.cpp
  json.cpp
  response.cpp
  server.cpp
  ssl.cpp
  string.cpp
  task.cpp
  thread.cpp
  page.cpp
  wsock.cpp
  Generating Code...
  process.vcxproj -> C:\Git\the-rights-machine\process\x64\Debug\process.exe
  copy "C:\Program Files\NVIDIA GPU Computing Toolkit\CUDA\v10.0\bin\cudart*.dll" "C:\Git\the-rights-machine\process\x64\Debug\"
  C:\Program Files\NVIDIA GPU Computing Toolkit\CUDA\v10.0\bin\cudart32_100.dll
  C:\Program Files\NVIDIA GPU Computing Toolkit\CUDA\v10.0\bin\cudart64_100.dll
          2 file(s) copied.
