Build started 09/07/2018 23:55:53.
     1>Project "C:\Users\Phill\Documents\Visual Studio 2013\Projects\process2\process2\process2.vcxproj" on node 2 (Build target(s)).
     1>ClCompile:
         C:\Program Files (x86)\Microsoft Visual Studio 12.0\VC\bin\x86_amd64\CL.exe /c /I"C:\Program Files (x86)\Visual Leak Detector\include" /I"C:\build-OpenSSL-VC64\include" /I"C:\Program Files (x86)\Visual Leak Detector\include" /I"C:\Program Files\NVIDIA GPU Computing Toolkit\CUDA\v7.5\include" /Zi /nologo /W3 /WX- /Od /D WIN32 /D WIN64 /D _DEBUG /D _CONSOLE /D _MBCS /Gm /EHsc /RTC1 /MDd /GS /fp:precise /Zc:wchar_t /Zc:forScope /Fo"x64\Debug\\" /Fd"x64\Debug\vc120.pdb" /Gd /TP /errorReport:prompt queues.cpp server.cpp
         server.cpp
         Generating Code...
         Compiling...
         queues.cpp
         Generating Code...
       Link:
         C:\Program Files (x86)\Microsoft Visual Studio 12.0\VC\bin\x86_amd64\link.exe /ERRORREPORT:PROMPT /OUT:"C:\Users\Phill\Documents\Visual Studio 2013\Projects\process2\x64\Debug\process2.exe" /INCREMENTAL /NOLOGO /LIBPATH:"C:\build-OpenSSL-VC64\lib" /LIBPATH:"C:\Program Files (x86)\Visual Leak Detector\lib\Win64" /LIBPATH:"C:\Program Files\NVIDIA GPU Computing Toolkit\CUDA\v7.5\lib\x64" cudart.lib kernel32.lib user32.lib gdi32.lib winspool.lib comdlg32.lib advapi32.lib shell32.lib ole32.lib oleaut32.lib uuid.lib odbc32.lib odbccp32.lib wsock32.lib libeay32.lib ssleay32.lib kernel32.lib user32.lib gdi32.lib winspool.lib comdlg32.lib advapi32.lib shell32.lib ole32.lib oleaut32.lib uuid.lib odbc32.lib odbccp32.lib /MANIFEST /MANIFESTUAC:"level='asInvoker' uiAccess='false'" /manifest:embed /DEBUG /PDB:"C:\Users\Phill\Documents\Visual Studio 2013\Projects\process2\x64\Debug\process2.pdb" /SUBSYSTEM:WINDOWS /TLBID:1 /DYNAMICBASE /NXCOMPAT /IMPLIB:"C:\Users\Phill\Documents\Visual Studio 2013\Projects\process2\x64\Debug\process2.lib" /MACHINE:X64 x64\Debug\kernel.cu.obj
         x64\Debug\allocator.obj
         x64\Debug\buffer.obj
         x64\Debug\component.obj
         x64\Debug\components.obj
         x64\Debug\compute.obj
         x64\Debug\configuration.obj
         x64\Debug\cpu.obj
         x64\Debug\database.obj
         x64\Debug\datetime.obj
         x64\Debug\element.obj
         x64\Debug\elements.obj
         x64\Debug\fifo.obj
         x64\Debug\gpu.obj
         x64\Debug\grid.obj
         x64\Debug\http.obj
         x64\Debug\item.obj
         x64\Debug\items.obj
         x64\Debug\line.obj
         x64\Debug\lines.obj
         x64\Debug\list.obj
         x64\Debug\message.obj
         x64\Debug\odbc.obj
         x64\Debug\log.obj
         x64\Debug\main.obj
         x64\Debug\mutex.obj
         x64\Debug\pair.obj
         x64\Debug\process.obj
         x64\Debug\queue.obj
         x64\Debug\queues.obj
         x64\Debug\json.obj
         x64\Debug\response.obj
         x64\Debug\server.obj
         x64\Debug\ssl.obj
         x64\Debug\string.obj
         x64\Debug\thread.obj
         x64\Debug\web.obj
         x64\Debug\wsock.obj
         process2.vcxproj -> C:\Users\Phill\Documents\Visual Studio 2013\Projects\process2\x64\Debug\process2.exe
       PostBuildEvent:
         echo copy "C:\Program Files\NVIDIA GPU Computing Toolkit\CUDA\v7.5\bin\cudart*.dll" "C:\Users\Phill\Documents\Visual Studio 2013\Projects\process2\x64\Debug\"
         copy "C:\Program Files\NVIDIA GPU Computing Toolkit\CUDA\v7.5\bin\cudart*.dll" "C:\Users\Phill\Documents\Visual Studio 2013\Projects\process2\x64\Debug\"
         :VCEnd
         copy "C:\Program Files\NVIDIA GPU Computing Toolkit\CUDA\v7.5\bin\cudart*.dll" "C:\Users\Phill\Documents\Visual Studio 2013\Projects\process2\x64\Debug\"
         C:\Program Files\NVIDIA GPU Computing Toolkit\CUDA\v7.5\bin\cudart32_75.dll
         C:\Program Files\NVIDIA GPU Computing Toolkit\CUDA\v7.5\bin\cudart64_75.dll
                 2 file(s) copied.
     1>Done Building Project "C:\Users\Phill\Documents\Visual Studio 2013\Projects\process2\process2\process2.vcxproj" (Build target(s)).

Build succeeded.

Time Elapsed 00:00:02.52
